
ROM used:   567/2048 (28%)
            567/2048 (28%) including unused fragments

            0.6 Average locations per line
            2.4 Average locations per statement

RAM used:   14/224 (6%) at main() level
            15/224 (7%) worst case

Stack used: 3 worst case (3 in main + 0 for interrupts)
Stack size: 8

Lines Stmts  %   Files
----- ----- ---  -----
  366   235 100  src\main.c
   79     0   0  src\main.h
  518     0   0  C:\Program Files (x86)\PICC\Devices\16F628A.h
----- -----
  963   235 Total

Page ROM  %  RAM   Vol Diff  Functions:
---- --- --- ---   --- ----  ----------
0     21   4    1             @delay_ms1
0     34   6    1             @PUTCHAR_1_
0     25   4    0   108  1.7  ScanEntradas
0      3   1    0    33  1.3  ResetTiempos
0     25   4    1   204  3.6  PrepararCentrifugado
0      9   2    1    88  2.4  DefinirPrograma
0      2   0    0    25  1.2  MantenerEspera
0     53   9    0   664  4.8  EjecutarGiros
0    215  38    1  4126  6.9  EjecutarCicloNormal
0     18   3    1   181  3.6  EjecutarCentrifugado
0     14   2    1   149  3.1  GenerarAlarma
0    144  25    2  1128  5.8  MAIN
 Inline         0             @cinit1

Program metrics:
    Functions               10
    Statements              235
    Comments                192
    Volume (V)              8940
    Difficulty (D)          36.5
    Effort to implement (E) 325922
    Time to implement (T)   5 hours, 2 minutes
    Est Delivered Bugs (B)  2
    Cyclomatic Complexity   46
    Maintainability (MI)    108

 Segment     Used  Free
-----------  ----  ----
00000-00003     4  0  
00004-007FF   563  1481  



