
ROM used:   190/2048 (9%)
            190/2048 (9%) including unused fragments

            0.3 Average locations per line
            3.9 Average locations per statement

RAM used:   14/224 (6%) at main() level
            14/224 (6%) worst case

Stack used: 1 worst case (1 in main + 0 for interrupts)
Stack size: 8

Lines Stmts  %   Files
----- ----- ---  -----
   70    49 100  src\main.c
   19     0   0  src\main.h
  518     0   0  C:\Program Files (x86)\PICC\Devices\16F628A.h
----- -----
  607    49 Total

Page ROM  %  RAM   Vol Diff  Functions:
---- --- --- ---   --- ----  ----------
0     21  11    1             @delay_ms1
0    165  87    9  1730  9.7  main
 Inline         0             @cinit1

Program metrics:
    Functions               1
    Statements              49
    Comments                105
    Volume (V)              1736
    Difficulty (D)          9.5
    Effort to implement (E) 16492
    Time to implement (T)   15 minutes
    Est Delivered Bugs (B)  0
    Cyclomatic Complexity   11
    Maintainability (MI)    58

 Segment     Used  Free
-----------  ----  ----
00000-00003     4  0  
00004-007FF   186  1858  



